<?xml version="1.0" encoding="UTF-8"?>
<testng-results ignored="0" total="1" passed="1" failed="0" skipped="0">
  <reporter-output>
  </reporter-output>
  <suite started-at="2022-09-07T00:16:36 IST" name="Default suite" finished-at="2022-09-07T00:17:12 IST" duration-ms="36690">
    <groups>
    </groups>
    <test started-at="2022-09-07T00:16:36 IST" name="Default test" finished-at="2022-09-07T00:17:12 IST" duration-ms="36690">
      <class name="eComm.SelectItemAddToCart_TC02">
        <test-method is-config="true" signature="ConfigureAppium()[pri:0, instance:eComm.SelectItemAddToCart_TC02@4738a206]" started-at="2022-09-07T00:16:36 IST" name="ConfigureAppium" finished-at="2022-09-07T00:16:44 IST" duration-ms="8100" status="PASS">
          <reporter-output>
          </reporter-output>
        </test-method> <!-- ConfigureAppium -->
        <test-method signature="fillForm()[pri:0, instance:eComm.SelectItemAddToCart_TC02@4738a206]" started-at="2022-09-07T00:16:44 IST" name="fillForm" finished-at="2022-09-07T00:17:12 IST" duration-ms="28206" status="PASS">
          <reporter-output>
          </reporter-output>
        </test-method> <!-- fillForm -->
        <test-method is-config="true" signature="tearDown()[pri:0, instance:eComm.SelectItemAddToCart_TC02@4738a206]" started-at="2022-09-07T00:17:12 IST" name="tearDown" finished-at="2022-09-07T00:17:12 IST" duration-ms="346" status="PASS">
          <reporter-output>
          </reporter-output>
        </test-method> <!-- tearDown -->
      </class> <!-- eComm.SelectItemAddToCart_TC02 -->
    </test> <!-- Default test -->
  </suite> <!-- Default suite -->
</testng-results>
